[debug] [2026-07-15T19:49:22.727Z] ----------------------------------------------------------------------
[debug] [2026-07-15T19:49:22.728Z] Command:       C:\Program Files\nodejs\node.exe C:\Users\GAMING\AppData\Roaming\npm\node_modules\firebase-tools\lib\bin\firebase.js init
[debug] [2026-07-15T19:49:22.728Z] CLI Version:   15.23.0
[debug] [2026-07-15T19:49:22.728Z] Platform:      win32
[debug] [2026-07-15T19:49:22.729Z] Node Version:  v24.15.0
[debug] [2026-07-15T19:49:22.729Z] Detected Agent: unknown
[debug] [2026-07-15T19:49:22.729Z] Time:          Wed Jul 15 2026 20:49:22 GMT+0100 (توقيت وسط أوروبا الرسمي)
[debug] [2026-07-15T19:49:22.729Z] ----------------------------------------------------------------------
[debug] 
[debug] [2026-07-15T19:49:22.737Z] >>> [apiv2][query] GET https://firebase-public.firebaseio.com/cli.json [none]
[info] 
     ######## #### ########  ######## ########     ###     ######  ########
     ##        ##  ##     ## ##       ##     ##  ##   ##  ##       ##
     ######    ##  ########  ######   ########  #########  ######  ######
     ##        ##  ##    ##  ##       ##     ## ##     ##       ## ##
     ##       #### ##     ## ######## ########  ##     ##  ######  ########

You're about to initialize a Firebase project in this directory:

  C:\Users\GAMING\sources\sami-food-vibe

[debug] [2026-07-15T19:49:25.821Z] <<< [apiv2][status] GET https://firebase-public.firebaseio.com/cli.json 200
[debug] [2026-07-15T19:49:25.821Z] <<< [apiv2][body] GET https://firebase-public.firebaseio.com/cli.json {"cloudBuildErrorAfter":1594252800000,"cloudBuildWarnAfter":1590019200000,"defaultNode10After":1594252800000,"minVersion":"3.0.5","node8DeploysDisabledAfter":1613390400000,"node8RuntimeDisabledAfter":1615809600000,"node8WarnAfter":1600128000000}
[info] 
=== Project Setup
[info] 
[info] First, let's associate this project directory with a Firebase project.
[info] You can create multiple project aliases by running firebase use --add, 
[info] 
[debug] [2026-07-15T19:50:49.222Z] > command requires scopes: ["email","openid","https://www.googleapis.com/auth/cloudplatformprojects.readonly","https://www.googleapis.com/auth/firebase","https://www.googleapis.com/auth/cloud-platform"]
[debug] [2026-07-15T19:50:49.222Z] > authorizing via signed-in user (samimessaoudi29@gmail.com)
[debug] [2026-07-15T19:50:49.223Z] Checked if tokens are valid: false, expires at: 1779973941841
[debug] [2026-07-15T19:50:49.223Z] Checked if tokens are valid: false, expires at: 1779973941841
[debug] [2026-07-15T19:50:49.223Z] > refreshing access token with scopes: []
[debug] [2026-07-15T19:50:49.224Z] >>> [apiv2][query] POST https://www.googleapis.com/oauth2/v3/token [none]
[debug] [2026-07-15T19:50:49.224Z] >>> [apiv2][body] POST https://www.googleapis.com/oauth2/v3/token [omitted]
[debug] [2026-07-15T19:50:49.446Z] <<< [apiv2][status] POST https://www.googleapis.com/oauth2/v3/token 200
[debug] [2026-07-15T19:50:49.446Z] <<< [apiv2][body] POST https://www.googleapis.com/oauth2/v3/token [omitted]
[debug] [2026-07-15T19:50:49.457Z] >>> [apiv2][query] GET https://firebase.googleapis.com/v1beta1/projects pageSize=100
[debug] [2026-07-15T19:50:50.164Z] <<< [apiv2][status] GET https://firebase.googleapis.com/v1beta1/projects 200
[debug] [2026-07-15T19:50:50.164Z] <<< [apiv2][body] GET https://firebase.googleapis.com/v1beta1/projects [omitted]
[info] 
=== Dataconnect Setup
[info] i  dataconnect: ensuring required API firebasedataconnect.googleapis.com is enabled... 
[debug] [2026-07-15T19:50:51.547Z] Checked if tokens are valid: true, expires at: 1784148648446
[debug] [2026-07-15T19:50:51.547Z] Checked if tokens are valid: true, expires at: 1784148648446
[info] i  dataconnect: ensuring required API sqladmin.googleapis.com is enabled... 
[debug] [2026-07-15T19:50:51.547Z] Checked if tokens are valid: true, expires at: 1784148648446
[debug] [2026-07-15T19:50:51.547Z] Checked if tokens are valid: true, expires at: 1784148648446
[debug] [2026-07-15T19:50:51.547Z] >>> [apiv2][query] GET https://serviceusage.googleapis.com/v1/projects/sami-food-5c155/services/firebasedataconnect.googleapis.com [none]
[debug] [2026-07-15T19:50:51.547Z] >>> [apiv2][(partial)header] GET https://serviceusage.googleapis.com/v1/projects/sami-food-5c155/services/firebasedataconnect.googleapis.com  x-goog-user-project=sami-food-5c155
[debug] [2026-07-15T19:50:51.548Z] >>> [apiv2][query] GET https://serviceusage.googleapis.com/v1/projects/sami-food-5c155/services/sqladmin.googleapis.com [none]
[debug] [2026-07-15T19:50:51.548Z] >>> [apiv2][(partial)header] GET https://serviceusage.googleapis.com/v1/projects/sami-food-5c155/services/sqladmin.googleapis.com  x-goog-user-project=sami-food-5c155
[debug] [2026-07-15T19:50:52.600Z] <<< [apiv2][status] GET https://serviceusage.googleapis.com/v1/projects/sami-food-5c155/services/firebasedataconnect.googleapis.com 200
[debug] [2026-07-15T19:50:52.600Z] <<< [apiv2][body] GET https://serviceusage.googleapis.com/v1/projects/sami-food-5c155/services/firebasedataconnect.googleapis.com [omitted]
[warn] !  dataconnect: missing required API firebasedataconnect.googleapis.com. Enabling now... 
[debug] [2026-07-15T19:50:52.600Z] Checked if tokens are valid: true, expires at: 1784148648446
[debug] [2026-07-15T19:50:52.601Z] Checked if tokens are valid: true, expires at: 1784148648446
[debug] [2026-07-15T19:50:52.601Z] >>> [apiv2][query] POST https://serviceusage.googleapis.com/v1/projects/sami-food-5c155/services/firebasedataconnect.googleapis.com:enable [none]
[debug] [2026-07-15T19:50:52.601Z] >>> [apiv2][(partial)header] POST https://serviceusage.googleapis.com/v1/projects/sami-food-5c155/services/firebasedataconnect.googleapis.com:enable  x-goog-user-project=sami-food-5c155
[debug] [2026-07-15T19:50:53.503Z] <<< [apiv2][status] GET https://serviceusage.googleapis.com/v1/projects/sami-food-5c155/services/sqladmin.googleapis.com 200
[debug] [2026-07-15T19:50:53.503Z] <<< [apiv2][body] GET https://serviceusage.googleapis.com/v1/projects/sami-food-5c155/services/sqladmin.googleapis.com [omitted]
[warn] !  dataconnect: missing required API sqladmin.googleapis.com. Enabling now... 
[debug] [2026-07-15T19:50:53.504Z] Checked if tokens are valid: true, expires at: 1784148648446
[debug] [2026-07-15T19:50:53.504Z] Checked if tokens are valid: true, expires at: 1784148648446
[debug] [2026-07-15T19:50:53.504Z] >>> [apiv2][query] POST https://serviceusage.googleapis.com/v1/projects/sami-food-5c155/services/sqladmin.googleapis.com:enable [none]
[debug] [2026-07-15T19:50:53.504Z] >>> [apiv2][(partial)header] POST https://serviceusage.googleapis.com/v1/projects/sami-food-5c155/services/sqladmin.googleapis.com:enable  x-goog-user-project=sami-food-5c155
[debug] [2026-07-15T19:50:54.005Z] <<< [apiv2][status] POST https://serviceusage.googleapis.com/v1/projects/sami-food-5c155/services/firebasedataconnect.googleapis.com:enable 200
[debug] [2026-07-15T19:50:54.005Z] <<< [apiv2][body] POST https://serviceusage.googleapis.com/v1/projects/sami-food-5c155/services/firebasedataconnect.googleapis.com:enable [omitted]
[debug] [2026-07-15T19:50:54.894Z] <<< [apiv2][status] POST https://serviceusage.googleapis.com/v1/projects/sami-food-5c155/services/sqladmin.googleapis.com:enable 200
[debug] [2026-07-15T19:50:54.894Z] <<< [apiv2][body] POST https://serviceusage.googleapis.com/v1/projects/sami-food-5c155/services/sqladmin.googleapis.com:enable [omitted]
[debug] [2026-07-15T19:51:04.913Z] Checked if tokens are valid: true, expires at: 1784148648446
[debug] [2026-07-15T19:51:04.913Z] Checked if tokens are valid: true, expires at: 1784148648446
[debug] [2026-07-15T19:51:04.913Z] >>> [apiv2][query] GET https://firebasedataconnect.googleapis.com/v1/projects/sami-food-5c155/locations/-/services [none]
[debug] [2026-07-15T19:51:06.522Z] <<< [apiv2][status] GET https://firebasedataconnect.googleapis.com/v1/projects/sami-food-5c155/locations/-/services 200
[debug] [2026-07-15T19:51:06.522Z] <<< [apiv2][body] GET https://firebasedataconnect.googleapis.com/v1/projects/sami-food-5c155/locations/-/services {}
[debug] [2026-07-15T19:51:25.724Z] ExitPromptError: User force closed the prompt with SIGINT
    at Interface.sigint (C:\Users\GAMING\AppData\Roaming\npm\node_modules\firebase-tools\node_modules\@inquirer\core\dist\commonjs\lib\create-prompt.js:101:37)
    at Interface.emit (node:events:509:28)
    at [_ttyWrite] [as _ttyWrite] (node:internal/readline/interface:1327:18)
    at ReadStream.onkeypress (node:internal/readline/interface:284:20)
    at ReadStream.emit (node:events:521:24)
    at emitKeys (node:internal/readline/utils:371:14)
    at emitKeys.next (<anonymous>)
    at ReadStream.onData (node:internal/readline/emitKeypressEvents:64:36)
    at ReadStream.emit (node:events:509:28)
    at addChunk (node:internal/streams/readable:563:12)
[error] 
[error] Error: An unexpected error has occurred.
